<?xml version="1.0" encoding="UTF-8"?>
<coverage generated="1570049121553" clover="3.2.0">
  <project timestamp="1570049121553" name="All files">
    <metrics statements="85" coveredstatements="85" conditionals="45" coveredconditionals="44" methods="26" coveredmethods="26" elements="156" coveredelements="155" complexity="0" loc="85" ncloc="85" packages="2" files="2" classes="2"/>
    <package name="src">
      <metrics statements="72" coveredstatements="72" conditionals="45" coveredconditionals="44" methods="26" coveredmethods="26"/>
      <file name="main.js" path="/home/laboratoria/LIM010-fe-md-links/src/main.js">
        <metrics statements="72" coveredstatements="72" conditionals="45" coveredconditionals="44" methods="26" coveredmethods="26"/>
        <line num="1" count="1" type="stmt"/>
        <line num="2" count="1" type="stmt"/>
        <line num="3" count="1" type="stmt"/>
        <line num="4" count="1" type="stmt"/>
        <line num="6" count="1" type="stmt"/>
        <line num="7" count="96" type="cond" truecount="2" falsecount="0"/>
        <line num="8" count="7" type="stmt"/>
        <line num="10" count="89" type="stmt"/>
        <line num="12" count="88" type="stmt"/>
        <line num="14" count="39" type="stmt"/>
        <line num="16" count="51" type="stmt"/>
        <line num="18" count="1" type="stmt"/>
        <line num="19" count="86" type="stmt"/>
        <line num="20" count="86" type="stmt"/>
        <line num="21" count="86" type="cond" truecount="2" falsecount="0"/>
        <line num="22" count="49" type="cond" truecount="2" falsecount="0"/>
        <line num="23" count="21" type="stmt"/>
        <line num="25" count="37" type="cond" truecount="1" falsecount="1"/>
        <line num="26" count="37" type="stmt"/>
        <line num="27" count="37" type="stmt"/>
        <line num="28" count="73" type="stmt"/>
        <line num="31" count="86" type="stmt"/>
        <line num="34" count="1" type="stmt"/>
        <line num="35" count="11" type="stmt"/>
        <line num="36" count="11" type="stmt"/>
        <line num="37" count="11" type="stmt"/>
        <line num="38" count="17" type="stmt"/>
        <line num="39" count="17" type="stmt"/>
        <line num="40" count="17" type="stmt"/>
        <line num="41" count="65" type="stmt"/>
        <line num="47" count="17" type="stmt"/>
        <line num="49" count="11" type="stmt"/>
        <line num="52" count="1" type="stmt"/>
        <line num="53" count="51" type="stmt"/>
        <line num="55" count="44" type="cond" truecount="4" falsecount="0"/>
        <line num="56" count="37" type="stmt"/>
        <line num="61" count="7" type="stmt"/>
        <line num="67" count="7" type="stmt"/>
        <line num="72" count="8" type="stmt"/>
        <line num="75" count="22" type="stmt"/>
        <line num="76" count="22" type="stmt"/>
        <line num="78" count="1" type="stmt"/>
        <line num="79" count="2" type="stmt"/>
        <line num="80" count="11" type="stmt"/>
        <line num="83" count="8" type="stmt"/>
        <line num="84" count="8" type="stmt"/>
        <line num="85" count="8" type="cond" truecount="4" falsecount="0"/>
        <line num="86" count="1" type="stmt"/>
        <line num="88" count="7" type="stmt"/>
        <line num="89" count="7" type="stmt"/>
        <line num="93" count="1" type="stmt"/>
        <line num="94" count="3" type="cond" truecount="6" falsecount="0"/>
        <line num="95" count="1" type="stmt"/>
        <line num="98" count="1" type="stmt"/>
        <line num="99" count="6" type="stmt"/>
        <line num="100" count="6" type="stmt"/>
        <line num="102" count="6" type="stmt"/>
        <line num="103" count="6" type="cond" truecount="2" falsecount="0"/>
        <line num="104" count="1" type="stmt"/>
        <line num="106" count="6" type="cond" truecount="2" falsecount="0"/>
        <line num="107" count="2" type="stmt"/>
        <line num="108" count="8" type="stmt"/>
        <line num="111" count="6" type="cond" truecount="4" falsecount="0"/>
        <line num="112" count="1" type="stmt"/>
        <line num="114" count="6" type="cond" truecount="4" falsecount="0"/>
        <line num="115" count="1" type="stmt"/>
        <line num="116" count="8" type="stmt"/>
        <line num="119" count="6" type="cond" truecount="4" falsecount="0"/>
        <line num="120" count="1" type="stmt"/>
        <line num="122" count="6" type="cond" truecount="7" falsecount="0"/>
        <line num="123" count="1" type="stmt"/>
        <line num="125" count="6" type="stmt"/>
      </file>
    </package>
    <package name="test">
      <metrics statements="13" coveredstatements="13" conditionals="0" coveredconditionals="0" methods="0" coveredmethods="0"/>
      <file name="input-output.js" path="/home/laboratoria/LIM010-fe-md-links/test/input-output.js">
        <metrics statements="13" coveredstatements="13" conditionals="0" coveredconditionals="0" methods="0" coveredmethods="0"/>
        <line num="1" count="1" type="stmt"/>
        <line num="3" count="1" type="stmt"/>
        <line num="20" count="1" type="stmt"/>
        <line num="22" count="1" type="stmt"/>
        <line num="45" count="1" type="stmt"/>
        <line num="47" count="1" type="stmt"/>
        <line num="49" count="1" type="stmt"/>
        <line num="51" count="1" type="stmt"/>
        <line num="69" count="1" type="stmt"/>
        <line num="79" count="1" type="stmt"/>
        <line num="81" count="1" type="stmt"/>
        <line num="91" count="1" type="stmt"/>
        <line num="93" count="1" type="stmt"/>
      </file>
    </package>
  </project>
</coverage>
