{"/home/laboratoria/LIM010-fe-md-links/src/main.js": {"path":"/home/laboratoria/LIM010-fe-md-links/src/main.js","statementMap":{"0":{"start":{"line":1,"column":13},"end":{"line":1,"column":28}},"1":{"start":{"line":2,"column":11},"end":{"line":2,"column":24}},"2":{"start":{"line":3,"column":14},"end":{"line":3,"column":35}},"3":{"start":{"line":4,"column":15},"end":{"line":4,"column":32}},"4":{"start":{"line":6,"column":49},"end":{"line":11,"column":1}},"5":{"start":{"line":7,"column":2},"end":{"line":9,"column":3}},"6":{"start":{"line":8,"column":4},"end":{"line":8,"column":33}},"7":{"start":{"line":10,"column":2},"end":{"line":10,"column":17}},"8":{"start":{"line":12,"column":22},"end":{"line":12,"column":62}},"9":{"start":{"line":12,"column":33},"end":{"line":12,"column":62}},"10":{"start":{"line":14,"column":20},"end":{"line":14,"column":58}},"11":{"start":{"line":14,"column":29},"end":{"line":14,"column":57}},"12":{"start":{"line":16,"column":29},"end":{"line":30,"column":1}},"13":{"start":{"line":17,"column":23},"end":{"line":17,"column":65}},"14":{"start":{"line":18,"column":18},"end":{"line":18,"column":20}},"15":{"start":{"line":19,"column":2},"end":{"line":28,"column":3}},"16":{"start":{"line":20,"column":4},"end":{"line":22,"column":5}},"17":{"start":{"line":21,"column":6},"end":{"line":21,"column":35}},"18":{"start":{"line":24,"column":24},"end":{"line":24,"column":52}},"19":{"start":{"line":25,"column":4},"end":{"line":27,"column":7}},"20":{"start":{"line":26,"column":6},"end":{"line":26,"column":81}},"21":{"start":{"line":29,"column":2},"end":{"line":29,"column":19}},"22":{"start":{"line":32,"column":25},"end":{"line":48,"column":1}},"23":{"start":{"line":33,"column":24},"end":{"line":33,"column":47}},"24":{"start":{"line":34,"column":19},"end":{"line":34,"column":21}},"25":{"start":{"line":35,"column":2},"end":{"line":46,"column":5}},"26":{"start":{"line":36,"column":22},"end":{"line":36,"column":54}},"27":{"start":{"line":37,"column":21},"end":{"line":37,"column":42}},"28":{"start":{"line":38,"column":4},"end":{"line":44,"column":6}},"29":{"start":{"line":39,"column":6},"end":{"line":43,"column":9}},"30":{"start":{"line":45,"column":4},"end":{"line":45,"column":36}},"31":{"start":{"line":47,"column":2},"end":{"line":47,"column":18}},"32":{"start":{"line":50,"column":24},"end":{"line":71,"column":1}},"33":{"start":{"line":51,"column":20},"end":{"line":69,"column":8}},"34":{"start":{"line":51,"column":39},"end":{"line":69,"column":7}},"35":{"start":{"line":53,"column":6},"end":{"line":59,"column":7}},"36":{"start":{"line":54,"column":8},"end":{"line":58,"column":10}},"37":{"start":{"line":59,"column":8},"end":{"line":63,"column":8}},"38":{"start":{"line":65,"column":18},"end":{"line":69,"column":5}},"39":{"start":{"line":70,"column":2},"end":{"line":70,"column":32}},"40":{"start":{"line":73,"column":21},"end":{"line":73,"column":113}},"41":{"start":{"line":73,"column":31},"end":{"line":73,"column":113}},"42":{"start":{"line":73,"column":95},"end":{"line":73,"column":104}},"43":{"start":{"line":75,"column":29},"end":{"line":78,"column":1}},"44":{"start":{"line":76,"column":19},"end":{"line":76,"column":32}},"45":{"start":{"line":77,"column":2},"end":{"line":77,"column":111}},"46":{"start":{"line":77,"column":53},"end":{"line":77,"column":68}},"47":{"start":{"line":77,"column":85},"end":{"line":77,"column":100}},"48":{"start":{"line":80,"column":23},"end":{"line":88,"column":2}},"49":{"start":{"line":80,"column":45},"end":{"line":88,"column":2}},"50":{"start":{"line":81,"column":23},"end":{"line":81,"column":65}},"51":{"start":{"line":82,"column":2},"end":{"line":87,"column":3}},"52":{"start":{"line":83,"column":4},"end":{"line":83,"column":37}},"53":{"start":{"line":85,"column":25},"end":{"line":85,"column":48}},"54":{"start":{"line":86,"column":4},"end":{"line":86,"column":36}},"55":{"start":{"line":90,"column":20},"end":{"line":93,"column":1}},"56":{"start":{"line":91,"column":2},"end":{"line":91,"column":128}},"57":{"start":{"line":91,"column":102},"end":{"line":91,"column":128}},"58":{"start":{"line":92,"column":2},"end":{"line":92,"column":29}},"59":{"start":{"line":95,"column":26},"end":{"line":124,"column":1}},"60":{"start":{"line":96,"column":18},"end":{"line":96,"column":34}},"61":{"start":{"line":97,"column":2},"end":{"line":123,"column":7}},"62":{"start":{"line":99,"column":21},"end":{"line":99,"column":23}},"63":{"start":{"line":100,"column":6},"end":{"line":102,"column":7}},"64":{"start":{"line":101,"column":8},"end":{"line":101,"column":79}},"65":{"start":{"line":103,"column":6},"end":{"line":107,"column":7}},"66":{"start":{"line":104,"column":8},"end":{"line":106,"column":11}},"67":{"start":{"line":105,"column":10},"end":{"line":105,"column":82}},"68":{"start":{"line":108,"column":6},"end":{"line":110,"column":7}},"69":{"start":{"line":109,"column":8},"end":{"line":109,"column":31}},"70":{"start":{"line":111,"column":6},"end":{"line":115,"column":7}},"71":{"start":{"line":112,"column":8},"end":{"line":114,"column":11}},"72":{"start":{"line":113,"column":10},"end":{"line":113,"column":116}},"73":{"start":{"line":116,"column":6},"end":{"line":118,"column":7}},"74":{"start":{"line":117,"column":8},"end":{"line":117,"column":39}},"75":{"start":{"line":119,"column":6},"end":{"line":121,"column":7}},"76":{"start":{"line":120,"column":8},"end":{"line":120,"column":51}},"77":{"start":{"line":122,"column":6},"end":{"line":122,"column":22}}},"fnMap":{"0":{"name":"(anonymous_0)","decl":{"start":{"line":6,"column":49},"end":{"line":6,"column":50}},"loc":{"start":{"line":6,"column":62},"end":{"line":11,"column":1}},"line":6},"1":{"name":"(anonymous_1)","decl":{"start":{"line":12,"column":22},"end":{"line":12,"column":23}},"loc":{"start":{"line":12,"column":33},"end":{"line":12,"column":62}},"line":12},"2":{"name":"(anonymous_2)","decl":{"start":{"line":14,"column":20},"end":{"line":14,"column":21}},"loc":{"start":{"line":14,"column":29},"end":{"line":14,"column":57}},"line":14},"3":{"name":"(anonymous_3)","decl":{"start":{"line":16,"column":29},"end":{"line":16,"column":30}},"loc":{"start":{"line":16,"column":42},"end":{"line":30,"column":1}},"line":16},"4":{"name":"(anonymous_4)","decl":{"start":{"line":25,"column":24},"end":{"line":25,"column":25}},"loc":{"start":{"line":25,"column":34},"end":{"line":27,"column":5}},"line":25},"5":{"name":"(anonymous_5)","decl":{"start":{"line":32,"column":25},"end":{"line":32,"column":26}},"loc":{"start":{"line":32,"column":39},"end":{"line":48,"column":1}},"line":32},"6":{"name":"(anonymous_6)","decl":{"start":{"line":35,"column":24},"end":{"line":35,"column":25}},"loc":{"start":{"line":35,"column":37},"end":{"line":46,"column":3}},"line":35},"7":{"name":"(anonymous_7)","decl":{"start":{"line":38,"column":20},"end":{"line":38,"column":21}},"loc":{"start":{"line":38,"column":43},"end":{"line":44,"column":5}},"line":38},"8":{"name":"(anonymous_8)","decl":{"start":{"line":50,"column":24},"end":{"line":50,"column":25}},"loc":{"start":{"line":50,"column":36},"end":{"line":71,"column":1}},"line":50},"9":{"name":"(anonymous_9)","decl":{"start":{"line":51,"column":31},"end":{"line":51,"column":32}},"loc":{"start":{"line":51,"column":39},"end":{"line":69,"column":7}},"line":51},"10":{"name":"(anonymous_10)","decl":{"start":{"line":52,"column":10},"end":{"line":52,"column":11}},"loc":{"start":{"line":52,"column":19},"end":{"line":64,"column":5}},"line":52},"11":{"name":"(anonymous_11)","decl":{"start":{"line":65,"column":11},"end":{"line":65,"column":12}},"loc":{"start":{"line":65,"column":18},"end":{"line":69,"column":5}},"line":65},"12":{"name":"(anonymous_12)","decl":{"start":{"line":73,"column":21},"end":{"line":73,"column":22}},"loc":{"start":{"line":73,"column":31},"end":{"line":73,"column":113}},"line":73},"13":{"name":"(anonymous_13)","decl":{"start":{"line":73,"column":87},"end":{"line":73,"column":88}},"loc":{"start":{"line":73,"column":95},"end":{"line":73,"column":104}},"line":73},"14":{"name":"(anonymous_14)","decl":{"start":{"line":75,"column":29},"end":{"line":75,"column":30}},"loc":{"start":{"line":75,"column":41},"end":{"line":78,"column":1}},"line":75},"15":{"name":"(anonymous_15)","decl":{"start":{"line":77,"column":45},"end":{"line":77,"column":46}},"loc":{"start":{"line":77,"column":53},"end":{"line":77,"column":68}},"line":77},"16":{"name":"(anonymous_16)","decl":{"start":{"line":77,"column":77},"end":{"line":77,"column":78}},"loc":{"start":{"line":77,"column":85},"end":{"line":77,"column":100}},"line":77},"17":{"name":"(anonymous_17)","decl":{"start":{"line":80,"column":23},"end":{"line":80,"column":24}},"loc":{"start":{"line":80,"column":45},"end":{"line":88,"column":2}},"line":80},"18":{"name":"(anonymous_18)","decl":{"start":{"line":80,"column":57},"end":{"line":80,"column":58}},"loc":{"start":{"line":80,"column":70},"end":{"line":88,"column":1}},"line":80},"19":{"name":"(anonymous_19)","decl":{"start":{"line":90,"column":20},"end":{"line":90,"column":21}},"loc":{"start":{"line":90,"column":36},"end":{"line":93,"column":1}},"line":90},"20":{"name":"(anonymous_20)","decl":{"start":{"line":95,"column":26},"end":{"line":95,"column":27}},"loc":{"start":{"line":95,"column":51},"end":{"line":124,"column":1}},"line":95},"21":{"name":"(anonymous_21)","decl":{"start":{"line":98,"column":10},"end":{"line":98,"column":11}},"loc":{"start":{"line":98,"column":19},"end":{"line":123,"column":5}},"line":98},"22":{"name":"(anonymous_22)","decl":{"start":{"line":104,"column":20},"end":{"line":104,"column":21}},"loc":{"start":{"line":104,"column":30},"end":{"line":106,"column":9}},"line":104},"23":{"name":"(anonymous_23)","decl":{"start":{"line":112,"column":20},"end":{"line":112,"column":21}},"loc":{"start":{"line":112,"column":30},"end":{"line":114,"column":9}},"line":112}},"branchMap":{"0":{"loc":{"start":{"line":7,"column":2},"end":{"line":9,"column":3}},"type":"if","locations":[{"start":{"line":7,"column":2},"end":{"line":9,"column":3}},{"start":{"line":7,"column":2},"end":{"line":9,"column":3}}],"line":7},"1":{"loc":{"start":{"line":19,"column":2},"end":{"line":28,"column":3}},"type":"if","locations":[{"start":{"line":19,"column":2},"end":{"line":28,"column":3}},{"start":{"line":19,"column":2},"end":{"line":28,"column":3}}],"line":19},"2":{"loc":{"start":{"line":20,"column":4},"end":{"line":22,"column":5}},"type":"if","locations":[{"start":{"line":20,"column":4},"end":{"line":22,"column":5}},{"start":{"line":20,"column":4},"end":{"line":22,"column":5}}],"line":20},"3":{"loc":{"start":{"line":53,"column":6},"end":{"line":59,"column":7}},"type":"if","locations":[{"start":{"line":53,"column":6},"end":{"line":59,"column":7}},{"start":{"line":53,"column":6},"end":{"line":59,"column":7}}],"line":53},"4":{"loc":{"start":{"line":53,"column":10},"end":{"line":53,"column":48}},"type":"binary-expr","locations":[{"start":{"line":53,"column":10},"end":{"line":53,"column":27}},{"start":{"line":53,"column":31},"end":{"line":53,"column":48}}],"line":53},"5":{"loc":{"start":{"line":82,"column":2},"end":{"line":87,"column":3}},"type":"if","locations":[{"start":{"line":82,"column":2},"end":{"line":87,"column":3}},{"start":{"line":82,"column":2},"end":{"line":87,"column":3}}],"line":82},"6":{"loc":{"start":{"line":82,"column":6},"end":{"line":82,"column":57}},"type":"binary-expr","locations":[{"start":{"line":82,"column":6},"end":{"line":82,"column":27}},{"start":{"line":82,"column":31},"end":{"line":82,"column":57}}],"line":82},"7":{"loc":{"start":{"line":91,"column":2},"end":{"line":91,"column":128}},"type":"if","locations":[{"start":{"line":91,"column":2},"end":{"line":91,"column":128}},{"start":{"line":91,"column":2},"end":{"line":91,"column":128}}],"line":91},"8":{"loc":{"start":{"line":91,"column":6},"end":{"line":91,"column":100}},"type":"binary-expr","locations":[{"start":{"line":91,"column":7},"end":{"line":91,"column":28}},{"start":{"line":91,"column":32},"end":{"line":91,"column":50}},{"start":{"line":91,"column":56},"end":{"line":91,"column":74}},{"start":{"line":91,"column":78},"end":{"line":91,"column":99}}],"line":91},"9":{"loc":{"start":{"line":100,"column":6},"end":{"line":102,"column":7}},"type":"if","locations":[{"start":{"line":100,"column":6},"end":{"line":102,"column":7}},{"start":{"line":100,"column":6},"end":{"line":102,"column":7}}],"line":100},"10":{"loc":{"start":{"line":103,"column":6},"end":{"line":107,"column":7}},"type":"if","locations":[{"start":{"line":103,"column":6},"end":{"line":107,"column":7}},{"start":{"line":103,"column":6},"end":{"line":107,"column":7}}],"line":103},"11":{"loc":{"start":{"line":108,"column":6},"end":{"line":110,"column":7}},"type":"if","locations":[{"start":{"line":108,"column":6},"end":{"line":110,"column":7}},{"start":{"line":108,"column":6},"end":{"line":110,"column":7}}],"line":108},"12":{"loc":{"start":{"line":108,"column":10},"end":{"line":108,"column":50}},"type":"binary-expr","locations":[{"start":{"line":108,"column":10},"end":{"line":108,"column":28}},{"start":{"line":108,"column":32},"end":{"line":108,"column":50}}],"line":108},"13":{"loc":{"start":{"line":111,"column":6},"end":{"line":115,"column":7}},"type":"if","locations":[{"start":{"line":111,"column":6},"end":{"line":115,"column":7}},{"start":{"line":111,"column":6},"end":{"line":115,"column":7}}],"line":111},"14":{"loc":{"start":{"line":111,"column":10},"end":{"line":111,"column":53}},"type":"binary-expr","locations":[{"start":{"line":111,"column":10},"end":{"line":111,"column":31}},{"start":{"line":111,"column":35},"end":{"line":111,"column":53}}],"line":111},"15":{"loc":{"start":{"line":116,"column":6},"end":{"line":118,"column":7}},"type":"if","locations":[{"start":{"line":116,"column":6},"end":{"line":118,"column":7}},{"start":{"line":116,"column":6},"end":{"line":118,"column":7}}],"line":116},"16":{"loc":{"start":{"line":116,"column":10},"end":{"line":116,"column":53}},"type":"binary-expr","locations":[{"start":{"line":116,"column":10},"end":{"line":116,"column":28}},{"start":{"line":116,"column":32},"end":{"line":116,"column":53}}],"line":116},"17":{"loc":{"start":{"line":119,"column":6},"end":{"line":121,"column":7}},"type":"if","locations":[{"start":{"line":119,"column":6},"end":{"line":121,"column":7}},{"start":{"line":119,"column":6},"end":{"line":121,"column":7}}],"line":119},"18":{"loc":{"start":{"line":119,"column":10},"end":{"line":119,"column":126}},"type":"binary-expr","locations":[{"start":{"line":119,"column":11},"end":{"line":119,"column":29}},{"start":{"line":119,"column":33},"end":{"line":119,"column":54}},{"start":{"line":119,"column":58},"end":{"line":119,"column":76}},{"start":{"line":119,"column":82},"end":{"line":119,"column":103}},{"start":{"line":119,"column":107},"end":{"line":119,"column":125}}],"line":119}},"s":{"0":1,"1":1,"2":1,"3":1,"4":1,"5":96,"6":7,"7":89,"8":1,"9":88,"10":1,"11":51,"12":1,"13":86,"14":86,"15":86,"16":49,"17":21,"18":37,"19":37,"20":73,"21":86,"22":1,"23":11,"24":11,"25":11,"26":17,"27":17,"28":17,"29":65,"30":17,"31":11,"32":1,"33":4,"34":27,"35":23,"36":19,"37":4,"38":4,"39":4,"40":1,"41":4,"42":22,"43":1,"44":2,"45":2,"46":11,"47":11,"48":1,"49":8,"50":8,"51":8,"52":5,"53":3,"54":3,"55":1,"56":9,"57":4,"58":5,"59":1,"60":6,"61":6,"62":6,"63":6,"64":1,"65":6,"66":2,"67":8,"68":6,"69":1,"70":6,"71":1,"72":8,"73":6,"74":1,"75":6,"76":1,"77":6},"f":{"0":96,"1":88,"2":51,"3":86,"4":73,"5":11,"6":17,"7":65,"8":4,"9":27,"10":23,"11":4,"12":4,"13":22,"14":2,"15":11,"16":11,"17":8,"18":8,"19":9,"20":6,"21":6,"22":8,"23":8},"b":{"0":[7,89],"1":[49,37],"2":[21,28],"3":[19,4],"4":[23,23],"5":[5,3],"6":[8,8],"7":[4,5],"8":[9,2,7,4],"9":[1,5],"10":[2,4],"11":[1,5],"12":[6,2],"13":[1,5],"14":[6,1],"15":[1,5],"16":[6,2],"17":[1,5],"18":[6,4,3,5,4]},"_coverageSchema":"43e27e138ebf9cfc5966b082cf9a028302ed4184","hash":"9c308498dda09a8c05ed4d68892ad2eed59b19ce"}
,"/home/laboratoria/LIM010-fe-md-links/test/input-output.js": {"path":"/home/laboratoria/LIM010-fe-md-links/test/input-output.js","statementMap":{"0":{"start":{"line":1,"column":13},"end":{"line":1,"column":28}},"1":{"start":{"line":3,"column":15},"end":{"line":18,"column":1}},"2":{"start":{"line":20,"column":20},"end":{"line":20,"column":42}},"3":{"start":{"line":22,"column":27},"end":{"line":43,"column":1}},"4":{"start":{"line":45,"column":28},"end":{"line":45,"column":62}},"5":{"start":{"line":47,"column":22},"end":{"line":47,"column":108}},"6":{"start":{"line":49,"column":22},"end":{"line":49,"column":1149}},"7":{"start":{"line":51,"column":30},"end":{"line":67,"column":2}},"8":{"start":{"line":69,"column":32},"end":{"line":77,"column":98}},"9":{"start":{"line":79,"column":30},"end":{"line":79,"column":52}},"10":{"start":{"line":81,"column":33},"end":{"line":89,"column":105}},"11":{"start":{"line":91,"column":38},"end":{"line":91,"column":72}},"12":{"start":{"line":93,"column":18},"end":{"line":106,"column":1}}},"fnMap":{},"branchMap":{},"s":{"0":1,"1":1,"2":1,"3":1,"4":1,"5":1,"6":1,"7":1,"8":1,"9":1,"10":1,"11":1,"12":1},"f":{},"b":{},"_coverageSchema":"43e27e138ebf9cfc5966b082cf9a028302ed4184","hash":"18103235c16fdca602b23fad4b0e3b1dad92459b"}
}
