{"/home/laboratoria/LIM010-fe-md-links/src/main.js": {"path":"/home/laboratoria/LIM010-fe-md-links/src/main.js","statementMap":{"0":{"start":{"line":1,"column":13},"end":{"line":1,"column":28}},"1":{"start":{"line":2,"column":11},"end":{"line":2,"column":24}},"2":{"start":{"line":3,"column":14},"end":{"line":3,"column":35}},"3":{"start":{"line":4,"column":15},"end":{"line":4,"column":32}},"4":{"start":{"line":6,"column":49},"end":{"line":11,"column":1}},"5":{"start":{"line":7,"column":2},"end":{"line":9,"column":3}},"6":{"start":{"line":8,"column":4},"end":{"line":8,"column":33}},"7":{"start":{"line":10,"column":2},"end":{"line":10,"column":17}},"8":{"start":{"line":13,"column":22},"end":{"line":18,"column":1}},"9":{"start":{"line":14,"column":2},"end":{"line":16,"column":3}},"10":{"start":{"line":15,"column":4},"end":{"line":15,"column":16}},"11":{"start":{"line":17,"column":2},"end":{"line":17,"column":15}},"12":{"start":{"line":20,"column":27},"end":{"line":25,"column":1}},"13":{"start":{"line":21,"column":2},"end":{"line":23,"column":3}},"14":{"start":{"line":22,"column":4},"end":{"line":22,"column":16}},"15":{"start":{"line":24,"column":2},"end":{"line":24,"column":15}},"16":{"start":{"line":27,"column":20},"end":{"line":32,"column":1}},"17":{"start":{"line":28,"column":2},"end":{"line":30,"column":3}},"18":{"start":{"line":29,"column":4},"end":{"line":29,"column":16}},"19":{"start":{"line":31,"column":2},"end":{"line":31,"column":15}},"20":{"start":{"line":34,"column":29},"end":{"line":48,"column":1}},"21":{"start":{"line":35,"column":23},"end":{"line":35,"column":65}},"22":{"start":{"line":36,"column":18},"end":{"line":36,"column":20}},"23":{"start":{"line":37,"column":2},"end":{"line":46,"column":3}},"24":{"start":{"line":38,"column":4},"end":{"line":40,"column":5}},"25":{"start":{"line":39,"column":6},"end":{"line":39,"column":35}},"26":{"start":{"line":41,"column":9},"end":{"line":46,"column":3}},"27":{"start":{"line":42,"column":24},"end":{"line":42,"column":52}},"28":{"start":{"line":43,"column":4},"end":{"line":45,"column":7}},"29":{"start":{"line":44,"column":6},"end":{"line":44,"column":81}},"30":{"start":{"line":47,"column":2},"end":{"line":47,"column":19}},"31":{"start":{"line":49,"column":17},"end":{"line":49,"column":74}},"32":{"start":{"line":52,"column":25},"end":{"line":67,"column":1}},"33":{"start":{"line":53,"column":19},"end":{"line":53,"column":21}},"34":{"start":{"line":54,"column":2},"end":{"line":65,"column":5}},"35":{"start":{"line":55,"column":22},"end":{"line":55,"column":54}},"36":{"start":{"line":56,"column":21},"end":{"line":56,"column":42}},"37":{"start":{"line":57,"column":4},"end":{"line":63,"column":6}},"38":{"start":{"line":58,"column":6},"end":{"line":62,"column":9}},"39":{"start":{"line":64,"column":4},"end":{"line":64,"column":36}},"40":{"start":{"line":66,"column":2},"end":{"line":66,"column":18}},"41":{"start":{"line":69,"column":10},"end":{"line":69,"column":29}},"42":{"start":{"line":103,"column":31},"end":{"line":126,"column":1}},"43":{"start":{"line":104,"column":12},"end":{"line":123,"column":8}},"44":{"start":{"line":104,"column":31},"end":{"line":123,"column":7}},"45":{"start":{"line":106,"column":6},"end":{"line":112,"column":7}},"46":{"start":{"line":107,"column":8},"end":{"line":111,"column":10}},"47":{"start":{"line":112,"column":8},"end":{"line":116,"column":8}},"48":{"start":{"line":118,"column":18},"end":{"line":123,"column":5}},"49":{"start":{"line":125,"column":2},"end":{"line":125,"column":24}},"50":{"start":{"line":128,"column":0},"end":{"line":128,"column":19}}},"fnMap":{"0":{"name":"(anonymous_0)","decl":{"start":{"line":6,"column":49},"end":{"line":6,"column":50}},"loc":{"start":{"line":6,"column":62},"end":{"line":11,"column":1}},"line":6},"1":{"name":"(anonymous_1)","decl":{"start":{"line":13,"column":22},"end":{"line":13,"column":23}},"loc":{"start":{"line":13,"column":35},"end":{"line":18,"column":1}},"line":13},"2":{"name":"(anonymous_2)","decl":{"start":{"line":20,"column":27},"end":{"line":20,"column":28}},"loc":{"start":{"line":20,"column":40},"end":{"line":25,"column":1}},"line":20},"3":{"name":"(anonymous_3)","decl":{"start":{"line":27,"column":20},"end":{"line":27,"column":21}},"loc":{"start":{"line":27,"column":30},"end":{"line":32,"column":1}},"line":27},"4":{"name":"(anonymous_4)","decl":{"start":{"line":34,"column":29},"end":{"line":34,"column":30}},"loc":{"start":{"line":34,"column":42},"end":{"line":48,"column":1}},"line":34},"5":{"name":"(anonymous_5)","decl":{"start":{"line":43,"column":24},"end":{"line":43,"column":25}},"loc":{"start":{"line":43,"column":34},"end":{"line":45,"column":5}},"line":43},"6":{"name":"(anonymous_6)","decl":{"start":{"line":52,"column":25},"end":{"line":52,"column":26}},"loc":{"start":{"line":52,"column":43},"end":{"line":67,"column":1}},"line":52},"7":{"name":"(anonymous_7)","decl":{"start":{"line":54,"column":23},"end":{"line":54,"column":24}},"loc":{"start":{"line":54,"column":36},"end":{"line":65,"column":3}},"line":54},"8":{"name":"(anonymous_8)","decl":{"start":{"line":57,"column":20},"end":{"line":57,"column":21}},"loc":{"start":{"line":57,"column":43},"end":{"line":63,"column":5}},"line":57},"9":{"name":"(anonymous_9)","decl":{"start":{"line":103,"column":31},"end":{"line":103,"column":32}},"loc":{"start":{"line":103,"column":43},"end":{"line":126,"column":1}},"line":103},"10":{"name":"(anonymous_10)","decl":{"start":{"line":104,"column":23},"end":{"line":104,"column":24}},"loc":{"start":{"line":104,"column":31},"end":{"line":123,"column":7}},"line":104},"11":{"name":"(anonymous_11)","decl":{"start":{"line":105,"column":10},"end":{"line":105,"column":11}},"loc":{"start":{"line":105,"column":19},"end":{"line":117,"column":5}},"line":105},"12":{"name":"(anonymous_12)","decl":{"start":{"line":118,"column":11},"end":{"line":118,"column":12}},"loc":{"start":{"line":118,"column":18},"end":{"line":123,"column":5}},"line":118}},"branchMap":{"0":{"loc":{"start":{"line":7,"column":2},"end":{"line":9,"column":3}},"type":"if","locations":[{"start":{"line":7,"column":2},"end":{"line":9,"column":3}},{"start":{"line":7,"column":2},"end":{"line":9,"column":3}}],"line":7},"1":{"loc":{"start":{"line":14,"column":2},"end":{"line":16,"column":3}},"type":"if","locations":[{"start":{"line":14,"column":2},"end":{"line":16,"column":3}},{"start":{"line":14,"column":2},"end":{"line":16,"column":3}}],"line":14},"2":{"loc":{"start":{"line":21,"column":2},"end":{"line":23,"column":3}},"type":"if","locations":[{"start":{"line":21,"column":2},"end":{"line":23,"column":3}},{"start":{"line":21,"column":2},"end":{"line":23,"column":3}}],"line":21},"3":{"loc":{"start":{"line":28,"column":2},"end":{"line":30,"column":3}},"type":"if","locations":[{"start":{"line":28,"column":2},"end":{"line":30,"column":3}},{"start":{"line":28,"column":2},"end":{"line":30,"column":3}}],"line":28},"4":{"loc":{"start":{"line":37,"column":2},"end":{"line":46,"column":3}},"type":"if","locations":[{"start":{"line":37,"column":2},"end":{"line":46,"column":3}},{"start":{"line":37,"column":2},"end":{"line":46,"column":3}}],"line":37},"5":{"loc":{"start":{"line":38,"column":4},"end":{"line":40,"column":5}},"type":"if","locations":[{"start":{"line":38,"column":4},"end":{"line":40,"column":5}},{"start":{"line":38,"column":4},"end":{"line":40,"column":5}}],"line":38},"6":{"loc":{"start":{"line":41,"column":9},"end":{"line":46,"column":3}},"type":"if","locations":[{"start":{"line":41,"column":9},"end":{"line":46,"column":3}},{"start":{"line":41,"column":9},"end":{"line":46,"column":3}}],"line":41},"7":{"loc":{"start":{"line":106,"column":6},"end":{"line":112,"column":7}},"type":"if","locations":[{"start":{"line":106,"column":6},"end":{"line":112,"column":7}},{"start":{"line":106,"column":6},"end":{"line":112,"column":7}}],"line":106},"8":{"loc":{"start":{"line":106,"column":10},"end":{"line":106,"column":48}},"type":"binary-expr","locations":[{"start":{"line":106,"column":10},"end":{"line":106,"column":27}},{"start":{"line":106,"column":31},"end":{"line":106,"column":48}}],"line":106}},"s":{"0":2,"1":2,"2":2,"3":2,"4":2,"5":24,"6":1,"7":23,"8":2,"9":24,"10":13,"11":11,"12":2,"13":12,"14":11,"15":1,"16":2,"17":14,"18":9,"19":5,"20":2,"21":22,"22":22,"23":22,"24":12,"25":8,"26":10,"27":10,"28":10,"29":18,"30":22,"31":2,"32":2,"33":5,"34":5,"35":7,"36":7,"37":7,"38":25,"39":7,"40":5,"41":2,"42":2,"43":3,"44":19,"45":7,"46":5,"47":2,"48":2,"49":3,"50":2},"f":{"0":24,"1":24,"2":12,"3":14,"4":22,"5":18,"6":5,"7":7,"8":25,"9":3,"10":19,"11":7,"12":2},"b":{"0":[1,23],"1":[13,11],"2":[11,1],"3":[9,5],"4":[12,10],"5":[8,4],"6":[10,0],"7":[5,2],"8":[7,7]},"_coverageSchema":"43e27e138ebf9cfc5966b082cf9a028302ed4184","hash":"acdfe216fe807f984a8b882c82c4876e3cf7b3c9"}
}
