TN:
SF:/home/laboratoria/LIM010-fe-md-links/src/main.js
FN:6,(anonymous_0)
FN:13,(anonymous_1)
FN:20,(anonymous_2)
FN:27,(anonymous_3)
FN:34,(anonymous_4)
FN:43,(anonymous_5)
FN:52,(anonymous_6)
FN:54,(anonymous_7)
FN:57,(anonymous_8)
FN:103,(anonymous_9)
FN:104,(anonymous_10)
FN:105,(anonymous_11)
FN:118,(anonymous_12)
FNF:13
FNH:13
FNDA:24,(anonymous_0)
FNDA:24,(anonymous_1)
FNDA:12,(anonymous_2)
FNDA:14,(anonymous_3)
FNDA:22,(anonymous_4)
FNDA:18,(anonymous_5)
FNDA:5,(anonymous_6)
FNDA:7,(anonymous_7)
FNDA:25,(anonymous_8)
FNDA:3,(anonymous_9)
FNDA:19,(anonymous_10)
FNDA:7,(anonymous_11)
FNDA:2,(anonymous_12)
DA:1,2
DA:2,2
DA:3,2
DA:4,2
DA:6,2
DA:7,24
DA:8,1
DA:10,23
DA:13,2
DA:14,24
DA:15,13
DA:17,11
DA:20,2
DA:21,12
DA:22,11
DA:24,1
DA:27,2
DA:28,14
DA:29,9
DA:31,5
DA:34,2
DA:35,22
DA:36,22
DA:37,22
DA:38,12
DA:39,8
DA:41,10
DA:42,10
DA:43,10
DA:44,18
DA:47,22
DA:49,2
DA:52,2
DA:53,5
DA:54,5
DA:55,7
DA:56,7
DA:57,7
DA:58,25
DA:64,7
DA:66,5
DA:69,2
DA:103,2
DA:104,19
DA:106,7
DA:107,5
DA:112,2
DA:118,2
DA:125,3
DA:128,2
LF:50
LH:50
BRDA:7,0,0,1
BRDA:7,0,1,23
BRDA:14,1,0,13
BRDA:14,1,1,11
BRDA:21,2,0,11
BRDA:21,2,1,1
BRDA:28,3,0,9
BRDA:28,3,1,5
BRDA:37,4,0,12
BRDA:37,4,1,10
BRDA:38,5,0,8
BRDA:38,5,1,4
BRDA:41,6,0,10
BRDA:41,6,1,0
BRDA:106,7,0,5
BRDA:106,7,1,2
BRDA:106,8,0,7
BRDA:106,8,1,7
BRF:18
BRH:17
end_of_record
