TN:
SF:/home/laboratoria/LIM010-fe-md-links/src/main.js
FN:6,(anonymous_0)
FN:12,(anonymous_1)
FN:14,(anonymous_2)
FN:16,(anonymous_3)
FN:25,(anonymous_4)
FN:32,(anonymous_5)
FN:35,(anonymous_6)
FN:38,(anonymous_7)
FN:50,(anonymous_8)
FN:51,(anonymous_9)
FN:52,(anonymous_10)
FN:65,(anonymous_11)
FN:73,(anonymous_12)
FN:73,(anonymous_13)
FN:74,(anonymous_14)
FN:76,(anonymous_15)
FN:78,(anonymous_16)
FN:78,(anonymous_17)
FN:81,(anonymous_18)
FN:81,(anonymous_19)
FN:91,(anonymous_20)
FN:96,(anonymous_21)
FN:99,(anonymous_22)
FN:105,(anonymous_23)
FN:113,(anonymous_24)
FNF:25
FNH:25
FNDA:96,(anonymous_0)
FNDA:88,(anonymous_1)
FNDA:51,(anonymous_2)
FNDA:86,(anonymous_3)
FNDA:73,(anonymous_4)
FNDA:11,(anonymous_5)
FNDA:17,(anonymous_6)
FNDA:65,(anonymous_7)
FNDA:8,(anonymous_8)
FNDA:51,(anonymous_9)
FNDA:44,(anonymous_10)
FNDA:7,(anonymous_11)
FNDA:4,(anonymous_12)
FNDA:22,(anonymous_13)
FNDA:22,(anonymous_14)
FNDA:2,(anonymous_15)
FNDA:11,(anonymous_16)
FNDA:11,(anonymous_17)
FNDA:8,(anonymous_18)
FNDA:8,(anonymous_19)
FNDA:3,(anonymous_20)
FNDA:6,(anonymous_21)
FNDA:6,(anonymous_22)
FNDA:8,(anonymous_23)
FNDA:8,(anonymous_24)
DA:1,1
DA:2,1
DA:3,1
DA:4,1
DA:6,1
DA:7,96
DA:8,7
DA:10,89
DA:12,88
DA:14,51
DA:16,1
DA:17,86
DA:18,86
DA:19,86
DA:20,49
DA:21,21
DA:24,37
DA:25,37
DA:26,73
DA:29,86
DA:32,1
DA:33,11
DA:34,11
DA:35,11
DA:36,17
DA:37,17
DA:38,17
DA:39,65
DA:45,17
DA:47,11
DA:50,1
DA:51,51
DA:53,44
DA:54,37
DA:59,7
DA:65,7
DA:70,8
DA:73,22
DA:74,22
DA:76,1
DA:77,2
DA:78,11
DA:81,8
DA:82,8
DA:83,8
DA:84,1
DA:86,7
DA:87,7
DA:91,1
DA:92,3
DA:93,1
DA:96,1
DA:97,6
DA:98,6
DA:100,6
DA:101,6
DA:102,1
DA:104,6
DA:105,2
DA:106,8
DA:109,6
DA:110,1
DA:112,6
DA:113,1
DA:114,8
DA:117,6
DA:118,1
DA:120,6
DA:121,1
DA:123,6
LF:70
LH:70
BRDA:7,0,0,7
BRDA:7,0,1,89
BRDA:19,1,0,49
BRDA:19,1,1,37
BRDA:20,2,0,21
BRDA:20,2,1,28
BRDA:53,3,0,37
BRDA:53,3,1,7
BRDA:53,4,0,44
BRDA:53,4,1,44
BRDA:83,5,0,1
BRDA:83,5,1,7
BRDA:83,6,0,8
BRDA:83,6,1,8
BRDA:92,7,0,2
BRDA:92,7,1,1
BRDA:92,8,0,3
BRDA:92,8,1,1
BRDA:92,8,2,2
BRDA:92,8,3,2
BRDA:101,9,0,1
BRDA:101,9,1,5
BRDA:104,10,0,2
BRDA:104,10,1,4
BRDA:109,11,0,1
BRDA:109,11,1,5
BRDA:109,12,0,6
BRDA:109,12,1,2
BRDA:112,13,0,1
BRDA:112,13,1,5
BRDA:112,14,0,6
BRDA:112,14,1,1
BRDA:117,15,0,1
BRDA:117,15,1,5
BRDA:117,16,0,6
BRDA:117,16,1,2
BRDA:120,17,0,1
BRDA:120,17,1,5
BRDA:120,18,0,6
BRDA:120,18,1,4
BRDA:120,18,2,3
BRDA:120,18,3,5
BRDA:120,18,4,4
BRF:43
BRH:43
end_of_record
TN:
SF:/home/laboratoria/LIM010-fe-md-links/test/input-output.js
FNF:0
FNH:0
DA:1,1
DA:3,1
DA:20,1
DA:22,1
DA:45,1
DA:47,1
DA:49,1
DA:51,1
DA:69,1
DA:79,1
DA:81,1
DA:91,1
DA:93,1
LF:13
LH:13
BRF:0
BRH:0
end_of_record
